{"C:\\Users\\ignas\\Desktop\\calendar\\server\\config\\auth.config.js": {"path":"C:\\Users\\ignas\\Desktop\\calendar\\server\\config\\auth.config.js","statementMap":{"0":{"start":{"line":1,"column":0},"end":{"line":3,"column":2}}},"fnMap":{},"branchMap":{},"s":{"0":1},"f":{},"b":{},"_coverageSchema":"1a1c01bbd47fc00a2c39e90264f33305004495a9","hash":"61d59f7f2ba7a9523f3c18c0744f87332d896a3e"}
,"C:\\Users\\ignas\\Desktop\\calendar\\server\\controllers\\auth.controller.js": {"path":"C:\\Users\\ignas\\Desktop\\calendar\\server\\controllers\\auth.controller.js","statementMap":{"0":{"start":{"line":1,"column":11},"end":{"line":1,"column":31}},"1":{"start":{"line":2,"column":15},"end":{"line":2,"column":47}},"2":{"start":{"line":4,"column":13},"end":{"line":4,"column":20}},"3":{"start":{"line":5,"column":13},"end":{"line":5,"column":20}},"4":{"start":{"line":6,"column":13},"end":{"line":6,"column":20}},"5":{"start":{"line":8,"column":13},"end":{"line":8,"column":32}},"6":{"start":{"line":9,"column":10},"end":{"line":9,"column":33}},"7":{"start":{"line":11,"column":0},"end":{"line":67,"column":4}},"8":{"start":{"line":12,"column":17},"end":{"line":18,"column":6}},"9":{"start":{"line":20,"column":4},"end":{"line":66,"column":7}},"10":{"start":{"line":21,"column":6},"end":{"line":24,"column":7}},"11":{"start":{"line":22,"column":8},"end":{"line":22,"column":47}},"12":{"start":{"line":23,"column":8},"end":{"line":23,"column":15}},"13":{"start":{"line":26,"column":6},"end":{"line":65,"column":7}},"14":{"start":{"line":27,"column":8},"end":{"line":47,"column":10}},"15":{"start":{"line":32,"column":12},"end":{"line":35,"column":13}},"16":{"start":{"line":33,"column":14},"end":{"line":33,"column":53}},"17":{"start":{"line":34,"column":14},"end":{"line":34,"column":21}},"18":{"start":{"line":37,"column":12},"end":{"line":37,"column":53}},"19":{"start":{"line":37,"column":43},"end":{"line":37,"column":51}},"20":{"start":{"line":38,"column":12},"end":{"line":45,"column":15}},"21":{"start":{"line":39,"column":14},"end":{"line":42,"column":15}},"22":{"start":{"line":40,"column":16},"end":{"line":40,"column":55}},"23":{"start":{"line":41,"column":16},"end":{"line":41,"column":23}},"24":{"start":{"line":44,"column":14},"end":{"line":44,"column":73}},"25":{"start":{"line":49,"column":8},"end":{"line":64,"column":11}},"26":{"start":{"line":50,"column":10},"end":{"line":53,"column":11}},"27":{"start":{"line":51,"column":12},"end":{"line":51,"column":51}},"28":{"start":{"line":52,"column":12},"end":{"line":52,"column":19}},"29":{"start":{"line":55,"column":10},"end":{"line":55,"column":34}},"30":{"start":{"line":56,"column":10},"end":{"line":63,"column":13}},"31":{"start":{"line":57,"column":12},"end":{"line":60,"column":13}},"32":{"start":{"line":58,"column":14},"end":{"line":58,"column":53}},"33":{"start":{"line":59,"column":14},"end":{"line":59,"column":21}},"34":{"start":{"line":62,"column":12},"end":{"line":62,"column":71}},"35":{"start":{"line":69,"column":0},"end":{"line":114,"column":4}},"36":{"start":{"line":71,"column":4},"end":{"line":113,"column":9}},"37":{"start":{"line":76,"column":8},"end":{"line":79,"column":9}},"38":{"start":{"line":77,"column":10},"end":{"line":77,"column":49}},"39":{"start":{"line":78,"column":10},"end":{"line":78,"column":17}},"40":{"start":{"line":81,"column":8},"end":{"line":83,"column":9}},"41":{"start":{"line":82,"column":10},"end":{"line":82,"column":70}},"42":{"start":{"line":85,"column":30},"end":{"line":88,"column":9}},"43":{"start":{"line":90,"column":8},"end":{"line":95,"column":9}},"44":{"start":{"line":91,"column":10},"end":{"line":94,"column":13}},"45":{"start":{"line":97,"column":20},"end":{"line":99,"column":10}},"46":{"start":{"line":101,"column":26},"end":{"line":101,"column":28}},"47":{"start":{"line":103,"column":8},"end":{"line":105,"column":9}},"48":{"start":{"line":103,"column":21},"end":{"line":103,"column":22}},"49":{"start":{"line":104,"column":10},"end":{"line":104,"column":71}},"50":{"start":{"line":106,"column":8},"end":{"line":112,"column":11}},"51":{"start":{"line":116,"column":0},"end":{"line":125,"column":2}},"52":{"start":{"line":117,"column":2},"end":{"line":124,"column":8}},"53":{"start":{"line":119,"column":8},"end":{"line":119,"column":23}},"54":{"start":{"line":122,"column":8},"end":{"line":122,"column":45}},"55":{"start":{"line":123,"column":8},"end":{"line":123,"column":53}},"56":{"start":{"line":127,"column":0},"end":{"line":137,"column":3}},"57":{"start":{"line":128,"column":2},"end":{"line":128,"column":28}},"58":{"start":{"line":129,"column":2},"end":{"line":137,"column":1}},"59":{"start":{"line":130,"column":4},"end":{"line":135,"column":5}},"60":{"start":{"line":131,"column":6},"end":{"line":131,"column":55}},"61":{"start":{"line":134,"column":6},"end":{"line":134,"column":21}},"62":{"start":{"line":139,"column":0},"end":{"line":148,"column":2}},"63":{"start":{"line":140,"column":2},"end":{"line":147,"column":10}},"64":{"start":{"line":143,"column":10},"end":{"line":143,"column":25}},"65":{"start":{"line":146,"column":10},"end":{"line":146,"column":40}},"66":{"start":{"line":150,"column":0},"end":{"line":167,"column":2}},"67":{"start":{"line":151,"column":2},"end":{"line":151,"column":41}},"68":{"start":{"line":153,"column":13},"end":{"line":159,"column":2}},"69":{"start":{"line":160,"column":0},"end":{"line":166,"column":2}},"70":{"start":{"line":161,"column":2},"end":{"line":164,"column":3}},"71":{"start":{"line":162,"column":4},"end":{"line":162,"column":43}},"72":{"start":{"line":163,"column":4},"end":{"line":163,"column":11}},"73":{"start":{"line":165,"column":2},"end":{"line":165,"column":38}},"74":{"start":{"line":169,"column":0},"end":{"line":188,"column":1}},"75":{"start":{"line":170,"column":2},"end":{"line":170,"column":44}},"76":{"start":{"line":171,"column":2},"end":{"line":187,"column":4}},"77":{"start":{"line":176,"column":4},"end":{"line":180,"column":5}},"78":{"start":{"line":177,"column":6},"end":{"line":179,"column":8}},"79":{"start":{"line":181,"column":4},"end":{"line":181,"column":18}},"80":{"start":{"line":184,"column":4},"end":{"line":186,"column":6}},"81":{"start":{"line":190,"column":0},"end":{"line":201,"column":1}},"82":{"start":{"line":191,"column":2},"end":{"line":191,"column":28}},"83":{"start":{"line":192,"column":2},"end":{"line":200,"column":3}},"84":{"start":{"line":195,"column":4},"end":{"line":195,"column":45}},"85":{"start":{"line":195,"column":15},"end":{"line":195,"column":44}},"86":{"start":{"line":196,"column":4},"end":{"line":196,"column":31}},"87":{"start":{"line":199,"column":4},"end":{"line":199,"column":48}}},"fnMap":{"0":{"name":"(anonymous_0)","decl":{"start":{"line":11,"column":17},"end":{"line":11,"column":18}},"loc":{"start":{"line":11,"column":31},"end":{"line":67,"column":3}},"line":11},"1":{"name":"(anonymous_1)","decl":{"start":{"line":20,"column":14},"end":{"line":20,"column":15}},"loc":{"start":{"line":20,"column":29},"end":{"line":66,"column":5}},"line":20},"2":{"name":"(anonymous_2)","decl":{"start":{"line":31,"column":10},"end":{"line":31,"column":11}},"loc":{"start":{"line":31,"column":26},"end":{"line":46,"column":11}},"line":31},"3":{"name":"(anonymous_3)","decl":{"start":{"line":37,"column":35},"end":{"line":37,"column":36}},"loc":{"start":{"line":37,"column":43},"end":{"line":37,"column":51}},"line":37},"4":{"name":"(anonymous_4)","decl":{"start":{"line":38,"column":22},"end":{"line":38,"column":23}},"loc":{"start":{"line":38,"column":29},"end":{"line":45,"column":13}},"line":38},"5":{"name":"(anonymous_5)","decl":{"start":{"line":49,"column":39},"end":{"line":49,"column":40}},"loc":{"start":{"line":49,"column":54},"end":{"line":64,"column":9}},"line":49},"6":{"name":"(anonymous_6)","decl":{"start":{"line":56,"column":20},"end":{"line":56,"column":21}},"loc":{"start":{"line":56,"column":27},"end":{"line":63,"column":11}},"line":56},"7":{"name":"(anonymous_7)","decl":{"start":{"line":69,"column":17},"end":{"line":69,"column":18}},"loc":{"start":{"line":69,"column":31},"end":{"line":114,"column":3}},"line":69},"8":{"name":"(anonymous_8)","decl":{"start":{"line":75,"column":12},"end":{"line":75,"column":13}},"loc":{"start":{"line":75,"column":27},"end":{"line":113,"column":7}},"line":75},"9":{"name":"(anonymous_9)","decl":{"start":{"line":116,"column":22},"end":{"line":116,"column":23}},"loc":{"start":{"line":116,"column":35},"end":{"line":125,"column":1}},"line":116},"10":{"name":"(anonymous_10)","decl":{"start":{"line":118,"column":12},"end":{"line":118,"column":13}},"loc":{"start":{"line":118,"column":22},"end":{"line":120,"column":7}},"line":118},"11":{"name":"(anonymous_11)","decl":{"start":{"line":121,"column":13},"end":{"line":121,"column":14}},"loc":{"start":{"line":121,"column":23},"end":{"line":124,"column":7}},"line":121},"12":{"name":"(anonymous_12)","decl":{"start":{"line":127,"column":22},"end":{"line":127,"column":23}},"loc":{"start":{"line":127,"column":35},"end":{"line":137,"column":2}},"line":127},"13":{"name":"(anonymous_13)","decl":{"start":{"line":129,"column":31},"end":{"line":129,"column":32}},"loc":{"start":{"line":129,"column":51},"end":{"line":136,"column":3}},"line":129},"14":{"name":"(anonymous_14)","decl":{"start":{"line":139,"column":22},"end":{"line":139,"column":23}},"loc":{"start":{"line":139,"column":35},"end":{"line":148,"column":1}},"line":139},"15":{"name":"(anonymous_15)","decl":{"start":{"line":141,"column":14},"end":{"line":141,"column":15}},"loc":{"start":{"line":141,"column":23},"end":{"line":144,"column":11}},"line":141},"16":{"name":"(anonymous_16)","decl":{"start":{"line":145,"column":15},"end":{"line":145,"column":16}},"loc":{"start":{"line":145,"column":24},"end":{"line":147,"column":9}},"line":145},"17":{"name":"(anonymous_17)","decl":{"start":{"line":150,"column":26},"end":{"line":150,"column":27}},"loc":{"start":{"line":150,"column":39},"end":{"line":167,"column":1}},"line":150},"18":{"name":"(anonymous_18)","decl":{"start":{"line":160,"column":10},"end":{"line":160,"column":11}},"loc":{"start":{"line":160,"column":19},"end":{"line":166,"column":1}},"line":160},"19":{"name":"(anonymous_19)","decl":{"start":{"line":169,"column":19},"end":{"line":169,"column":20}},"loc":{"start":{"line":169,"column":32},"end":{"line":188,"column":1}},"line":169},"20":{"name":"(anonymous_20)","decl":{"start":{"line":175,"column":8},"end":{"line":175,"column":9}},"loc":{"start":{"line":175,"column":16},"end":{"line":182,"column":3}},"line":175},"21":{"name":"(anonymous_21)","decl":{"start":{"line":183,"column":9},"end":{"line":183,"column":10}},"loc":{"start":{"line":183,"column":16},"end":{"line":187,"column":3}},"line":183},"22":{"name":"(anonymous_22)","decl":{"start":{"line":190,"column":21},"end":{"line":190,"column":22}},"loc":{"start":{"line":190,"column":34},"end":{"line":201,"column":1}},"line":190},"23":{"name":"(anonymous_23)","decl":{"start":{"line":194,"column":8},"end":{"line":194,"column":9}},"loc":{"start":{"line":194,"column":15},"end":{"line":197,"column":3}},"line":194},"24":{"name":"(anonymous_24)","decl":{"start":{"line":198,"column":9},"end":{"line":198,"column":10}},"loc":{"start":{"line":198,"column":20},"end":{"line":200,"column":1}},"line":198}},"branchMap":{"0":{"loc":{"start":{"line":21,"column":6},"end":{"line":24,"column":7}},"type":"if","locations":[{"start":{"line":21,"column":6},"end":{"line":24,"column":7}},{"start":{},"end":{}}],"line":21},"1":{"loc":{"start":{"line":26,"column":6},"end":{"line":65,"column":7}},"type":"if","locations":[{"start":{"line":26,"column":6},"end":{"line":65,"column":7}},{"start":{"line":48,"column":13},"end":{"line":65,"column":7}}],"line":26},"2":{"loc":{"start":{"line":32,"column":12},"end":{"line":35,"column":13}},"type":"if","locations":[{"start":{"line":32,"column":12},"end":{"line":35,"column":13}},{"start":{},"end":{}}],"line":32},"3":{"loc":{"start":{"line":39,"column":14},"end":{"line":42,"column":15}},"type":"if","locations":[{"start":{"line":39,"column":14},"end":{"line":42,"column":15}},{"start":{},"end":{}}],"line":39},"4":{"loc":{"start":{"line":50,"column":10},"end":{"line":53,"column":11}},"type":"if","locations":[{"start":{"line":50,"column":10},"end":{"line":53,"column":11}},{"start":{},"end":{}}],"line":50},"5":{"loc":{"start":{"line":57,"column":12},"end":{"line":60,"column":13}},"type":"if","locations":[{"start":{"line":57,"column":12},"end":{"line":60,"column":13}},{"start":{},"end":{}}],"line":57},"6":{"loc":{"start":{"line":76,"column":8},"end":{"line":79,"column":9}},"type":"if","locations":[{"start":{"line":76,"column":8},"end":{"line":79,"column":9}},{"start":{},"end":{}}],"line":76},"7":{"loc":{"start":{"line":81,"column":8},"end":{"line":83,"column":9}},"type":"if","locations":[{"start":{"line":81,"column":8},"end":{"line":83,"column":9}},{"start":{},"end":{}}],"line":81},"8":{"loc":{"start":{"line":90,"column":8},"end":{"line":95,"column":9}},"type":"if","locations":[{"start":{"line":90,"column":8},"end":{"line":95,"column":9}},{"start":{},"end":{}}],"line":90},"9":{"loc":{"start":{"line":130,"column":4},"end":{"line":135,"column":5}},"type":"if","locations":[{"start":{"line":130,"column":4},"end":{"line":135,"column":5}},{"start":{"line":133,"column":9},"end":{"line":135,"column":5}}],"line":130},"10":{"loc":{"start":{"line":161,"column":2},"end":{"line":164,"column":3}},"type":"if","locations":[{"start":{"line":161,"column":2},"end":{"line":164,"column":3}},{"start":{},"end":{}}],"line":161},"11":{"loc":{"start":{"line":176,"column":4},"end":{"line":180,"column":5}},"type":"if","locations":[{"start":{"line":176,"column":4},"end":{"line":180,"column":5}},{"start":{},"end":{}}],"line":176},"12":{"loc":{"start":{"line":195,"column":4},"end":{"line":195,"column":45}},"type":"if","locations":[{"start":{"line":195,"column":4},"end":{"line":195,"column":45}},{"start":{},"end":{}}],"line":195}},"s":{"0":1,"1":1,"2":1,"3":1,"4":1,"5":1,"6":1,"7":1,"8":0,"9":0,"10":0,"11":0,"12":0,"13":0,"14":0,"15":0,"16":0,"17":0,"18":0,"19":0,"20":0,"21":0,"22":0,"23":0,"24":0,"25":0,"26":0,"27":0,"28":0,"29":0,"30":0,"31":0,"32":0,"33":0,"34":0,"35":1,"36":0,"37":0,"38":0,"39":0,"40":0,"41":0,"42":0,"43":0,"44":0,"45":0,"46":0,"47":0,"48":0,"49":0,"50":0,"51":1,"52":0,"53":0,"54":0,"55":0,"56":1,"57":0,"58":0,"59":0,"60":0,"61":0,"62":1,"63":0,"64":0,"65":0,"66":1,"67":0,"68":0,"69":0,"70":0,"71":0,"72":0,"73":0,"74":1,"75":0,"76":0,"77":0,"78":0,"79":0,"80":0,"81":1,"82":0,"83":0,"84":0,"85":0,"86":0,"87":0},"f":{"0":0,"1":0,"2":0,"3":0,"4":0,"5":0,"6":0,"7":0,"8":0,"9":0,"10":0,"11":0,"12":0,"13":0,"14":0,"15":0,"16":0,"17":0,"18":0,"19":0,"20":0,"21":0,"22":0,"23":0,"24":0},"b":{"0":[0,0],"1":[0,0],"2":[0,0],"3":[0,0],"4":[0,0],"5":[0,0],"6":[0,0],"7":[0,0],"8":[0,0],"9":[0,0],"10":[0,0],"11":[0,0],"12":[0,0]},"_coverageSchema":"1a1c01bbd47fc00a2c39e90264f33305004495a9","hash":"d4743a3bad6174d0ed4d0895400890a981d765a6"}
,"C:\\Users\\ignas\\Desktop\\calendar\\server\\models\\index.js": {"path":"C:\\Users\\ignas\\Desktop\\calendar\\server\\models\\index.js","statementMap":{"0":{"start":{"line":1,"column":17},"end":{"line":1,"column":36}},"1":{"start":{"line":2,"column":0},"end":{"line":2,"column":34}},"2":{"start":{"line":4,"column":11},"end":{"line":4,"column":13}},"3":{"start":{"line":6,"column":0},"end":{"line":6,"column":23}},"4":{"start":{"line":8,"column":0},"end":{"line":8,"column":34}},"5":{"start":{"line":9,"column":0},"end":{"line":9,"column":34}},"6":{"start":{"line":10,"column":0},"end":{"line":10,"column":34}},"7":{"start":{"line":12,"column":0},"end":{"line":12,"column":42}},"8":{"start":{"line":14,"column":0},"end":{"line":14,"column":20}}},"fnMap":{},"branchMap":{},"s":{"0":1,"1":1,"2":1,"3":1,"4":1,"5":1,"6":1,"7":1,"8":1},"f":{},"b":{},"_coverageSchema":"1a1c01bbd47fc00a2c39e90264f33305004495a9","hash":"54feaa2dbb6b6f5f6c2f7771d17dc4b73ee622df"}
,"C:\\Users\\ignas\\Desktop\\calendar\\server\\models\\role.model.js": {"path":"C:\\Users\\ignas\\Desktop\\calendar\\server\\models\\role.model.js","statementMap":{"0":{"start":{"line":1,"column":17},"end":{"line":1,"column":36}},"1":{"start":{"line":3,"column":13},"end":{"line":8,"column":1}},"2":{"start":{"line":10,"column":0},"end":{"line":10,"column":22}}},"fnMap":{},"branchMap":{},"s":{"0":1,"1":1,"2":1},"f":{},"b":{},"_coverageSchema":"1a1c01bbd47fc00a2c39e90264f33305004495a9","hash":"03d5426121ba2f88e073834662550ae188575712"}
,"C:\\Users\\ignas\\Desktop\\calendar\\server\\models\\slot.model.js": {"path":"C:\\Users\\ignas\\Desktop\\calendar\\server\\models\\slot.model.js","statementMap":{"0":{"start":{"line":1,"column":17},"end":{"line":1,"column":36}},"1":{"start":{"line":3,"column":13},"end":{"line":13,"column":1}},"2":{"start":{"line":15,"column":0},"end":{"line":15,"column":22}}},"fnMap":{},"branchMap":{},"s":{"0":1,"1":1,"2":1},"f":{},"b":{},"_coverageSchema":"1a1c01bbd47fc00a2c39e90264f33305004495a9","hash":"71de3db6d1a0c4315ba9eee3c3bae6127aae5094"}
,"C:\\Users\\ignas\\Desktop\\calendar\\server\\models\\user.model.js": {"path":"C:\\Users\\ignas\\Desktop\\calendar\\server\\models\\user.model.js","statementMap":{"0":{"start":{"line":1,"column":17},"end":{"line":1,"column":36}},"1":{"start":{"line":3,"column":13},"end":{"line":22,"column":1}},"2":{"start":{"line":24,"column":0},"end":{"line":24,"column":22}}},"fnMap":{},"branchMap":{},"s":{"0":1,"1":1,"2":1},"f":{},"b":{},"_coverageSchema":"1a1c01bbd47fc00a2c39e90264f33305004495a9","hash":"2f5e3133920661bd1488f82066ced06c2f17b63c"}
}
