TN:
SF:config\auth.config.js
FNF:0
FNH:0
DA:1,1
LF:1
LH:1
BRF:0
BRH:0
end_of_record
TN:
SF:controllers\auth.controller.js
FN:11,(anonymous_0)
FN:20,(anonymous_1)
FN:31,(anonymous_2)
FN:37,(anonymous_3)
FN:38,(anonymous_4)
FN:49,(anonymous_5)
FN:56,(anonymous_6)
FN:69,(anonymous_7)
FN:75,(anonymous_8)
FN:116,(anonymous_9)
FN:118,(anonymous_10)
FN:121,(anonymous_11)
FN:127,(anonymous_12)
FN:129,(anonymous_13)
FN:139,(anonymous_14)
FN:141,(anonymous_15)
FN:145,(anonymous_16)
FN:150,(anonymous_17)
FN:160,(anonymous_18)
FN:169,(anonymous_19)
FN:175,(anonymous_20)
FN:183,(anonymous_21)
FN:190,(anonymous_22)
FN:194,(anonymous_23)
FN:198,(anonymous_24)
FNF:25
FNH:0
FNDA:0,(anonymous_0)
FNDA:0,(anonymous_1)
FNDA:0,(anonymous_2)
FNDA:0,(anonymous_3)
FNDA:0,(anonymous_4)
FNDA:0,(anonymous_5)
FNDA:0,(anonymous_6)
FNDA:0,(anonymous_7)
FNDA:0,(anonymous_8)
FNDA:0,(anonymous_9)
FNDA:0,(anonymous_10)
FNDA:0,(anonymous_11)
FNDA:0,(anonymous_12)
FNDA:0,(anonymous_13)
FNDA:0,(anonymous_14)
FNDA:0,(anonymous_15)
FNDA:0,(anonymous_16)
FNDA:0,(anonymous_17)
FNDA:0,(anonymous_18)
FNDA:0,(anonymous_19)
FNDA:0,(anonymous_20)
FNDA:0,(anonymous_21)
FNDA:0,(anonymous_22)
FNDA:0,(anonymous_23)
FNDA:0,(anonymous_24)
DA:1,1
DA:2,1
DA:4,1
DA:5,1
DA:6,1
DA:8,1
DA:9,1
DA:11,1
DA:12,0
DA:20,0
DA:21,0
DA:22,0
DA:23,0
DA:26,0
DA:27,0
DA:32,0
DA:33,0
DA:34,0
DA:37,0
DA:38,0
DA:39,0
DA:40,0
DA:41,0
DA:44,0
DA:49,0
DA:50,0
DA:51,0
DA:52,0
DA:55,0
DA:56,0
DA:57,0
DA:58,0
DA:59,0
DA:62,0
DA:69,1
DA:71,0
DA:76,0
DA:77,0
DA:78,0
DA:81,0
DA:82,0
DA:85,0
DA:90,0
DA:91,0
DA:97,0
DA:101,0
DA:103,0
DA:104,0
DA:106,0
DA:116,1
DA:117,0
DA:119,0
DA:122,0
DA:123,0
DA:127,1
DA:128,0
DA:129,0
DA:130,0
DA:131,0
DA:134,0
DA:139,1
DA:140,0
DA:143,0
DA:146,0
DA:150,1
DA:151,0
DA:153,0
DA:160,0
DA:161,0
DA:162,0
DA:163,0
DA:165,0
DA:169,1
DA:170,0
DA:171,0
DA:176,0
DA:177,0
DA:181,0
DA:184,0
DA:190,1
DA:191,0
DA:192,0
DA:195,0
DA:196,0
DA:199,0
LF:85
LH:15
BRDA:21,0,0,0
BRDA:21,0,1,0
BRDA:26,1,0,0
BRDA:26,1,1,0
BRDA:32,2,0,0
BRDA:32,2,1,0
BRDA:39,3,0,0
BRDA:39,3,1,0
BRDA:50,4,0,0
BRDA:50,4,1,0
BRDA:57,5,0,0
BRDA:57,5,1,0
BRDA:76,6,0,0
BRDA:76,6,1,0
BRDA:81,7,0,0
BRDA:81,7,1,0
BRDA:90,8,0,0
BRDA:90,8,1,0
BRDA:130,9,0,0
BRDA:130,9,1,0
BRDA:161,10,0,0
BRDA:161,10,1,0
BRDA:176,11,0,0
BRDA:176,11,1,0
BRDA:195,12,0,0
BRDA:195,12,1,0
BRF:26
BRH:0
end_of_record
TN:
SF:models\index.js
FNF:0
FNH:0
DA:1,1
DA:2,1
DA:4,1
DA:6,1
DA:8,1
DA:9,1
DA:10,1
DA:12,1
DA:14,1
LF:9
LH:9
BRF:0
BRH:0
end_of_record
TN:
SF:models\role.model.js
FNF:0
FNH:0
DA:1,1
DA:3,1
DA:10,1
LF:3
LH:3
BRF:0
BRH:0
end_of_record
TN:
SF:models\slot.model.js
FNF:0
FNH:0
DA:1,1
DA:3,1
DA:15,1
LF:3
LH:3
BRF:0
BRH:0
end_of_record
TN:
SF:models\user.model.js
FNF:0
FNH:0
DA:1,1
DA:3,1
DA:24,1
LF:3
LH:3
BRF:0
BRH:0
end_of_record
